# JRE version: Java(TM) SE Runtime Environment (7.0_45-b18) (build 1.7.0_45-b18)
# Java VM: Java HotSpot(TM) 64-Bit Server VM (24.45-b08 mixed mode windows-amd64 compressed oops)
Heap
 PSYoungGen      total 71680K, used 46121K [0x00000000f5500000, 0x00000000fa000000, 0x0000000100000000)
  eden space 66560K, 61% used [0x00000000f5500000,0x00000000f7d0e270,0x00000000f9600000)
  from space 5120K, 99% used [0x00000000f9b00000,0x00000000f9ffc280,0x00000000fa000000)
  to   space 5120K, 0% used [0x00000000f9600000,0x00000000f9600000,0x00000000f9b00000)
 ParOldGen       total 86528K, used 8661K [0x00000000e0000000, 0x00000000e5480000, 0x00000000f5500000)
  object space 86528K, 10% used [0x00000000e0000000,0x00000000e0875618,0x00000000e5480000)
 PSPermGen       total 22528K, used 22436K [0x00000000dae00000, 0x00000000dc400000, 0x00000000e0000000)
  object space 22528K, 99% used [0x00000000dae00000,0x00000000dc3e9078,0x00000000dc400000)
GC Heap History (8 events):
Event: 1.553 GC heap before
{Heap before GC invocations=1 (full 0):
 PSYoungGen      total 38400K, used 33280K [0x00000000f5500000, 0x00000000f7f80000, 0x0000000100000000)
  eden space 33280K, 100% used [0x00000000f5500000,0x00000000f7580000,0x00000000f7580000)
  from space 5120K, 0% used [0x00000000f7a80000,0x00000000f7a80000,0x00000000f7f80000)
  to   space 5120K, 0% used [0x00000000f7580000,0x00000000f7580000,0x00000000f7a80000)
 ParOldGen       total 86528K, used 0K [0x00000000e0000000, 0x00000000e5480000, 0x00000000f5500000)
  object space 86528K, 0% used [0x00000000e0000000,0x00000000e0000000,0x00000000e5480000)
 PSPermGen       total 21504K, used 11383K [0x00000000dae00000, 0x00000000dc300000, 0x00000000e0000000)
  object space 21504K, 52% used [0x00000000dae00000,0x00000000db91dcf0,0x00000000dc300000)
Event: 1.560 GC heap after
Heap after GC invocations=1 (full 0):
 PSYoungGen      total 38400K, used 5116K [0x00000000f5500000, 0x00000000f7f80000, 0x0000000100000000)
  eden space 33280K, 0% used [0x00000000f5500000,0x00000000f5500000,0x00000000f7580000)
  from space 5120K, 99% used [0x00000000f7580000,0x00000000f7a7f200,0x00000000f7a80000)
  to   space 5120K, 0% used [0x00000000f7a80000,0x00000000f7a80000,0x00000000f7f80000)
 ParOldGen       total 86528K, used 598K [0x00000000e0000000, 0x00000000e5480000, 0x00000000f5500000)
  object space 86528K, 0% used [0x00000000e0000000,0x00000000e0095be0,0x00000000e5480000)
 PSPermGen       total 21504K, used 11383K [0x00000000dae00000, 0x00000000dc300000, 0x00000000e0000000)
  object space 21504K, 52% used [0x00000000dae00000,0x00000000db91dcf0,0x00000000dc300000)
}
Event: 2.001 GC heap before
{Heap before GC invocations=2 (full 0):
 PSYoungGen      total 38400K, used 38396K [0x00000000f5500000, 0x00000000f7f80000, 0x0000000100000000)
  eden space 33280K, 100% used [0x00000000f5500000,0x00000000f7580000,0x00000000f7580000)
  from space 5120K, 99% used [0x00000000f7580000,0x00000000f7a7f200,0x00000000f7a80000)
  to   space 5120K, 0% used [0x00000000f7a80000,0x00000000f7a80000,0x00000000f7f80000)
 ParOldGen       total 86528K, used 598K [0x00000000e0000000, 0x00000000e5480000, 0x00000000f5500000)
  object space 86528K, 0% used [0x00000000e0000000,0x00000000e0095be0,0x00000000e5480000)
 PSPermGen       total 21504K, used 16378K [0x00000000dae00000, 0x00000000dc300000, 0x00000000e0000000)
  object space 21504K, 76% used [0x00000000dae00000,0x00000000dbdfe828,0x00000000dc300000)
Event: 2.009 GC heap after
Heap after GC invocations=2 (full 0):
 PSYoungGen      total 38400K, used 5112K [0x00000000f5500000, 0x00000000fa000000, 0x0000000100000000)
  eden space 33280K, 0% used [0x00000000f5500000,0x00000000f5500000,0x00000000f7580000)
  from space 5120K, 99% used [0x00000000f7a80000,0x00000000f7f7e3b0,0x00000000f7f80000)
  to   space 5120K, 0% used [0x00000000f7580000,0x00000000f7580000,0x00000000f7a80000)
 ParOldGen       total 86528K, used 3074K [0x00000000e0000000, 0x00000000e5480000, 0x00000000f5500000)
  object space 86528K, 3% used [0x00000000e0000000,0x00000000e0300978,0x00000000e5480000)
 PSPermGen       total 21504K, used 16378K [0x00000000dae00000, 0x00000000dc300000, 0x00000000e0000000)
  object space 21504K, 76% used [0x00000000dae00000,0x00000000dbdfe828,0x00000000dc300000)
}
Event: 2.451 GC heap before
{Heap before GC invocations=3 (full 0):
 PSYoungGen      total 38400K, used 38392K [0x00000000f5500000, 0x00000000fa000000, 0x0000000100000000)
  eden space 33280K, 100% used [0x00000000f5500000,0x00000000f7580000,0x00000000f7580000)
  from space 5120K, 99% used [0x00000000f7a80000,0x00000000f7f7e3b0,0x00000000f7f80000)
  to   space 5120K, 0% used [0x00000000f7580000,0x00000000f7580000,0x00000000f7a80000)
 ParOldGen       total 86528K, used 3074K [0x00000000e0000000, 0x00000000e5480000, 0x00000000f5500000)
  object space 86528K, 3% used [0x00000000e0000000,0x00000000e0300978,0x00000000e5480000)
 PSPermGen       total 21504K, used 17709K [0x00000000dae00000, 0x00000000dc300000, 0x00000000e0000000)
  object space 21504K, 82% used [0x00000000dae00000,0x00000000dbf4b400,0x00000000dc300000)
Event: 2.459 GC heap after
Heap after GC invocations=3 (full 0):
 PSYoungGen      total 38400K, used 5104K [0x00000000f5500000, 0x00000000fa000000, 0x0000000100000000)
  eden space 33280K, 0% used [0x00000000f5500000,0x00000000f5500000,0x00000000f7580000)
  from space 5120K, 99% used [0x00000000f7580000,0x00000000f7a7c260,0x00000000f7a80000)
  to   space 5120K, 0% used [0x00000000f9b00000,0x00000000f9b00000,0x00000000fa000000)
 ParOldGen       total 86528K, used 6132K [0x00000000e0000000, 0x00000000e5480000, 0x00000000f5500000)
  object space 86528K, 7% used [0x00000000e0000000,0x00000000e05fd300,0x00000000e5480000)
 PSPermGen       total 21504K, used 17709K [0x00000000dae00000, 0x00000000dc300000, 0x00000000e0000000)
  object space 21504K, 82% used [0x00000000dae00000,0x00000000dbf4b400,0x00000000dc300000)
}
Event: 2.881 GC heap before
{Heap before GC invocations=4 (full 0):
 PSYoungGen      total 38400K, used 38384K [0x00000000f5500000, 0x00000000fa000000, 0x0000000100000000)
  eden space 33280K, 100% used [0x00000000f5500000,0x00000000f7580000,0x00000000f7580000)
  from space 5120K, 99% used [0x00000000f7580000,0x00000000f7a7c260,0x00000000f7a80000)
  to   space 5120K, 0% used [0x00000000f9b00000,0x00000000f9b00000,0x00000000fa000000)
 ParOldGen       total 86528K, used 6132K [0x00000000e0000000, 0x00000000e5480000, 0x00000000f5500000)
  object space 86528K, 7% used [0x00000000e0000000,0x00000000e05fd300,0x00000000e5480000)
 PSPermGen       total 21504K, used 18759K [0x00000000dae00000, 0x00000000dc300000, 0x00000000e0000000)
  object space 21504K, 87% used [0x00000000dae00000,0x00000000dc051ef0,0x00000000dc300000)
Event: 2.892 GC heap after
Heap after GC invocations=4 (full 0):
 PSYoungGen      total 71680K, used 5104K [0x00000000f5500000, 0x00000000fa000000, 0x0000000100000000)
  eden space 66560K, 0% used [0x00000000f5500000,0x00000000f5500000,0x00000000f9600000)
  from space 5120K, 99% used [0x00000000f9b00000,0x00000000f9ffc280,0x00000000fa000000)
  to   space 5120K, 0% used [0x00000000f9600000,0x00000000f9600000,0x00000000f9b00000)
 ParOldGen       total 86528K, used 8661K [0x00000000e0000000, 0x00000000e5480000, 0x00000000f5500000)
  object space 86528K, 10% used [0x00000000e0000000,0x00000000e0875618,0x00000000e5480000)
 PSPermGen       total 21504K, used 18759K [0x00000000dae00000, 0x00000000dc300000, 0x00000000e0000000)
  object space 21504K, 87% used [0x00000000dae00000,0x00000000dc051ef0,0x00000000dc300000)
}

